#
# There is insufficient memory for the Java Runtime Environment to continue.
# Native memory allocation (mmap) failed to map 268435456 bytes for G1 virtual space
# Possible reasons:
#   The system is out of physical RAM or swap space
#   The process is running with CompressedOops enabled, and the Java Heap may be blocking the growth of the native heap
# Possible solutions:
#   Reduce memory load on the system
#   Increase physical memory or swap space
#   Check if swap backing store is full
#   Decrease Java heap size (-Xmx/-Xms)
#   Decrease number of Java threads
#   Decrease Java thread stack sizes (-Xss)
#   Set larger code cache with -XX:ReservedCodeCacheSize=
#   JVM is running with Zero Based Compressed Oops mode in which the Java heap is
#     placed in the first 32GB address space. The Java Heap base address is the
#     maximum limit for the native heap growth. Please use -XX:HeapBaseMinAddress
#     to set the Java Heap base and to place the Java Heap above 32GB virtual address.
# This output file may be truncated or incomplete.
#
#  Out of Memory Error (os_windows.cpp:3541), pid=7772, tid=7496
#
# JRE version:  (17.0.4.1+1) (build )
# Java VM: OpenJDK 64-Bit Server VM (17.0.4.1+1, mixed mode, emulated-client, sharing, tiered, compressed oops, compressed class ptrs, g1 gc, windows-amd64)
# No core dump will be written. Minidumps are not enabled by default on client versions of Windows
#

---------------  S U M M A R Y ------------

Command Line: -Dcom.sun.management.jmxremote -Dcom.sun.management.jmxremote.port=58315 -Dcom.sun.management.jmxremote.authenticate=false -Dcom.sun.management.jmxremote.ssl=false -Djava.rmi.server.hostname=localhost -Dspring.jmx.enabled=true -Dspring.application.admin.enabled=true -XX:TieredStopAtLevel=1 -Dspring.boot.project.name=spring-boot-departmentstore -Dfile.encoding=UTF-8 -XX:+ShowCodeDetailsInExceptionMessages com.ptit.springbootdepartmentstore.SpringBootDepartmentStoreApplication --spring.output.ansi.enabled=always

Host: Intel(R) Core(TM) i5-6300U CPU @ 2.40GHz, 4 cores, 15G,  Windows 10 , 64 bit Build 19041 (10.0.19041.3031)
Time: Tue Jun  6 19:30:03 2023 SE Asia Standard Time elapsed time: 0.029055 seconds (0d 0h 0m 0s)

---------------  T H R E A D  ---------------

Current thread (0x000001e0412d29d0):  JavaThread "Unknown thread" [_thread_in_vm, id=7496, stack(0x0000004a48d00000,0x0000004a48e00000)]

Stack: [0x0000004a48d00000,0x0000004a48e00000]
Native frames: (J=compiled Java code, j=interpreted, Vv=VM code, C=native code)
V  [jvm.dll+0x67731a]
V  [jvm.dll+0x832284]
V  [jvm.dll+0x833a2e]
V  [jvm.dll+0x834093]
V  [jvm.dll+0x245775]
V  [jvm.dll+0x674209]
V  [jvm.dll+0x668a92]
V  [jvm.dll+0x30471b]
V  [jvm.dll+0x30bc66]
V  [jvm.dll+0x35ba9e]
V  [jvm.dll+0x35bccf]
V  [jvm.dll+0x2db5b8]
V  [jvm.dll+0x2dc524]
V  [jvm.dll+0x803db1]
V  [jvm.dll+0x3698f1]
V  [jvm.dll+0x7e31bc]
V  [jvm.dll+0x3ec25f]
V  [jvm.dll+0x3edde1]
C  [jli.dll+0x5277]
C  [ucrtbase.dll+0x21bb2]
C  [KERNEL32.DLL+0x17614]
C  [ntdll.dll+0x526f1]


---------------  P R O C E S S  ---------------

Threads class SMR info:
_java_thread_list=0x00007ffbcc724e98, length=0, elements={
}

Java Threads: ( => current thread )

Other Threads:
  0x000001e04133df30 GCTaskThread "GC Thread#0" [stack: 0x0000004a48e00000,0x0000004a48f00000] [id=7256]
  0x000001e04134ebc0 ConcurrentGCThread "G1 Main Marker" [stack: 0x0000004a48f00000,0x0000004a49000000] [id=11740]
  0x000001e04134fdc0 ConcurrentGCThread "G1 Conc#0" [stack: 0x0000004a49000000,0x0000004a49100000] [id=4420]

[error occurred during error reporting (printing all threads), id 0xc0000005, EXCEPTION_ACCESS_VIOLATION (0xc0000005) at pc=0x00007ffbcbefc047]

VM state: not at safepoint (not fully initialized)

VM Mutex/Monitor currently owned by a thread:  ([mutex/lock_event])
[0x000001e0412cd010] Heap_lock - owner thread: 0x000001e0412d29d0

Heap address: 0x0000000701c00000, size: 4068 MB, Compressed Oops mode: Zero based, Oop shift amount: 3

CDS archive(s) mapped at: [0x0000000000000000-0x0000000000000000-0x0000000000000000), size 0, SharedBaseAddress: 0x0000000800000000, ArchiveRelocationMode: 0.
Narrow klass base: 0x0000000000000000, Narrow klass shift: 0, Narrow klass range: 0x0

GC Precious Log:
<Empty>

Heap:
 garbage-first heap   total 0K, used 0K [0x0000000701c00000, 0x0000000800000000)
  region size 2048K, 0 young (0K), 0 survivors (0K)

[error occurred during error reporting (printing heap information), id 0xc0000005, EXCEPTION_ACCESS_VIOLATION (0xc0000005) at pc=0x00007ffbcc2e0699]

GC Heap History (0 events):
No events

Deoptimization events (0 events):
No events

Classes unloaded (0 events):
No events

Classes redefined (0 events):
No events

Internal exceptions (0 events):
No events

VM Operations (0 events):
No events

Events (1 events):
Event: 0.015 Loaded shared library C:\Users\leanh\Downloads\spring-tool-suite-4-4.16.1.RELEASE-e4.25.0-win32.win32.x86_64.self-extracting\contents\sts-4.16.1.RELEASE\plugins\org.eclipse.justj.openjdk.hotspot.jre.full.win32.x86_64_17.0.4.v20221004-1257\jre\bin\java.dll


Dynamic libraries:
0x00007ff783f40000 - 0x00007ff783f4e000 	C:\Users\leanh\Downloads\spring-tool-suite-4-4.16.1.RELEASE-e4.25.0-win32.win32.x86_64.self-extracting\contents\sts-4.16.1.RELEASE\plugins\org.eclipse.justj.openjdk.hotspot.jre.full.win32.x86_64_17.0.4.v20221004-1257\jre\bin\javaw.exe
0x00007ffc1afb0000 - 0x00007ffc1b1a8000 	C:\Windows\SYSTEM32\ntdll.dll
0x00007ffc19010000 - 0x00007ffc190cf000 	C:\Windows\System32\KERNEL32.DLL
0x00007ffc18cc0000 - 0x00007ffc18fb6000 	C:\Windows\System32\KERNELBASE.dll
0x00007ffc18bc0000 - 0x00007ffc18cc0000 	C:\Windows\System32\ucrtbase.dll
0x00007ffbf0090000 - 0x00007ffbf00a8000 	C:\Users\leanh\Downloads\spring-tool-suite-4-4.16.1.RELEASE-e4.25.0-win32.win32.x86_64.self-extracting\contents\sts-4.16.1.RELEASE\plugins\org.eclipse.justj.openjdk.hotspot.jre.full.win32.x86_64_17.0.4.v20221004-1257\jre\bin\jli.dll
0x00007ffc190d0000 - 0x00007ffc1926d000 	C:\Windows\System32\USER32.dll
0x00007ffc18820000 - 0x00007ffc18842000 	C:\Windows\System32\win32u.dll
0x00007ffc1a290000 - 0x00007ffc1a2bc000 	C:\Windows\System32\GDI32.dll
0x00007ffc18aa0000 - 0x00007ffc18bb5000 	C:\Windows\System32\gdi32full.dll
0x00007ffc18970000 - 0x00007ffc18a0d000 	C:\Windows\System32\msvcp_win.dll
0x00007ffbfec40000 - 0x00007ffbfec59000 	C:\Users\leanh\Downloads\spring-tool-suite-4-4.16.1.RELEASE-e4.25.0-win32.win32.x86_64.self-extracting\contents\sts-4.16.1.RELEASE\plugins\org.eclipse.justj.openjdk.hotspot.jre.full.win32.x86_64_17.0.4.v20221004-1257\jre\bin\VCRUNTIME140.dll
0x00007ffc06760000 - 0x00007ffc069fa000 	C:\Windows\WinSxS\amd64_microsoft.windows.common-controls_6595b64144ccf1df_6.0.19041.1110_none_60b5254171f9507e\COMCTL32.dll
0x00007ffc1aae0000 - 0x00007ffc1ab7e000 	C:\Windows\System32\msvcrt.dll
0x00007ffc19580000 - 0x00007ffc195b0000 	C:\Windows\System32\IMM32.DLL
0x00007ffbfec90000 - 0x00007ffbfec9c000 	C:\Users\leanh\Downloads\spring-tool-suite-4-4.16.1.RELEASE-e4.25.0-win32.win32.x86_64.self-extracting\contents\sts-4.16.1.RELEASE\plugins\org.eclipse.justj.openjdk.hotspot.jre.full.win32.x86_64_17.0.4.v20221004-1257\jre\bin\vcruntime140_1.dll
0x00007ffbecaf0000 - 0x00007ffbecb81000 	C:\Users\leanh\Downloads\spring-tool-suite-4-4.16.1.RELEASE-e4.25.0-win32.win32.x86_64.self-extracting\contents\sts-4.16.1.RELEASE\plugins\org.eclipse.justj.openjdk.hotspot.jre.full.win32.x86_64_17.0.4.v20221004-1257\jre\bin\msvcp140.dll
0x00007ffbcbc10000 - 0x00007ffbcc856000 	C:\Users\leanh\Downloads\spring-tool-suite-4-4.16.1.RELEASE-e4.25.0-win32.win32.x86_64.self-extracting\contents\sts-4.16.1.RELEASE\plugins\org.eclipse.justj.openjdk.hotspot.jre.full.win32.x86_64_17.0.4.v20221004-1257\jre\bin\server\jvm.dll
0x00007ffc193a0000 - 0x00007ffc1944f000 	C:\Windows\System32\ADVAPI32.dll
0x00007ffc1abe0000 - 0x00007ffc1ac7c000 	C:\Windows\System32\sechost.dll
0x00007ffc19450000 - 0x00007ffc19576000 	C:\Windows\System32\RPCRT4.dll
0x00007ffc19b30000 - 0x00007ffc19b38000 	C:\Windows\System32\PSAPI.DLL
0x00007ffc06ab0000 - 0x00007ffc06ad7000 	C:\Windows\SYSTEM32\WINMM.dll
0x00007ffc13f30000 - 0x00007ffc13f3a000 	C:\Windows\SYSTEM32\VERSION.dll
0x00007ffc05380000 - 0x00007ffc05389000 	C:\Windows\SYSTEM32\WSOCK32.dll
0x00007ffc199c0000 - 0x00007ffc19a2b000 	C:\Windows\System32\WS2_32.dll
0x00007ffc16ed0000 - 0x00007ffc16ee2000 	C:\Windows\SYSTEM32\kernel.appcore.dll
0x00007ffc07a70000 - 0x00007ffc07a7a000 	C:\Users\leanh\Downloads\spring-tool-suite-4-4.16.1.RELEASE-e4.25.0-win32.win32.x86_64.self-extracting\contents\sts-4.16.1.RELEASE\plugins\org.eclipse.justj.openjdk.hotspot.jre.full.win32.x86_64_17.0.4.v20221004-1257\jre\bin\jimage.dll
0x00007ffc16430000 - 0x00007ffc16614000 	C:\Windows\SYSTEM32\DBGHELP.DLL
0x00007ffc02610000 - 0x00007ffc02644000 	C:\Windows\SYSTEM32\dbgcore.DLL
0x00007ffc18a10000 - 0x00007ffc18a92000 	C:\Windows\System32\bcryptPrimitives.dll
0x00007ffbf97f0000 - 0x00007ffbf9815000 	C:\Users\leanh\Downloads\spring-tool-suite-4-4.16.1.RELEASE-e4.25.0-win32.win32.x86_64.self-extracting\contents\sts-4.16.1.RELEASE\plugins\org.eclipse.justj.openjdk.hotspot.jre.full.win32.x86_64_17.0.4.v20221004-1257\jre\bin\java.dll

dbghelp: loaded successfully - version: 4.0.5 - missing functions: none
symbol engine: initialized successfully - sym options: 0x614 - pdb path: .;C:\Users\leanh\Downloads\spring-tool-suite-4-4.16.1.RELEASE-e4.25.0-win32.win32.x86_64.self-extracting\contents\sts-4.16.1.RELEASE\plugins\org.eclipse.justj.openjdk.hotspot.jre.full.win32.x86_64_17.0.4.v20221004-1257\jre\bin;C:\Windows\SYSTEM32;C:\Windows\WinSxS\amd64_microsoft.windows.common-controls_6595b64144ccf1df_6.0.19041.1110_none_60b5254171f9507e;C:\Users\leanh\Downloads\spring-tool-suite-4-4.16.1.RELEASE-e4.25.0-win32.win32.x86_64.self-extracting\contents\sts-4.16.1.RELEASE\plugins\org.eclipse.justj.openjdk.hotspot.jre.full.win32.x86_64_17.0.4.v20221004-1257\jre\bin\server

VM Arguments:
jvm_args: -Dcom.sun.management.jmxremote -Dcom.sun.management.jmxremote.port=58315 -Dcom.sun.management.jmxremote.authenticate=false -Dcom.sun.management.jmxremote.ssl=false -Djava.rmi.server.hostname=localhost -Dspring.jmx.enabled=true -Dspring.application.admin.enabled=true -XX:TieredStopAtLevel=1 -Dspring.boot.project.name=spring-boot-departmentstore -Dfile.encoding=UTF-8 -XX:+ShowCodeDetailsInExceptionMessages 
java_command: com.ptit.springbootdepartmentstore.SpringBootDepartmentStoreApplication --spring.output.ansi.enabled=always
java_class_path (initial): C:\Users\leanh\Desktop\PTIT\DepartmentStore\spring-boot-departmentstore\target\classes;C:\Users\leanh\.m2\repository\org\springframework\boot\spring-boot-starter-web\2.7.9\spring-boot-starter-web-2.7.9.jar;C:\Users\leanh\.m2\repository\org\springframework\boot\spring-boot-starter\2.7.9\spring-boot-starter-2.7.9.jar;C:\Users\leanh\.m2\repository\org\springframework\boot\spring-boot\2.7.9\spring-boot-2.7.9.jar;C:\Users\leanh\.m2\repository\org\springframework\boot\spring-boot-autoconfigure\2.7.9\spring-boot-autoconfigure-2.7.9.jar;C:\Users\leanh\.m2\repository\org\springframework\boot\spring-boot-starter-logging\2.7.9\spring-boot-starter-logging-2.7.9.jar;C:\Users\leanh\.m2\repository\ch\qos\logback\logback-classic\1.2.11\logback-classic-1.2.11.jar;C:\Users\leanh\.m2\repository\ch\qos\logback\logback-core\1.2.11\logback-core-1.2.11.jar;C:\Users\leanh\.m2\repository\org\apache\logging\log4j\log4j-to-slf4j\2.17.2\log4j-to-slf4j-2.17.2.jar;C:\Users\leanh\.m2\repository\org\apache\logging\log4j\log4j-api\2.17.2\log4j-api-2.17.2.jar;C:\Users\leanh\.m2\repository\org\slf4j\jul-to-slf4j\1.7.36\jul-to-slf4j-1.7.36.jar;C:\Users\leanh\.m2\repository\jakarta\annotation\jakarta.annotation-api\1.3.5\jakarta.annotation-api-1.3.5.jar;C:\Users\leanh\.m2\repository\org\yaml\snakeyaml\1.30\snakeyaml-1.30.jar;C:\Users\leanh\.m2\repository\org\springframework\boot\spring-boot-starter-json\2.7.9\spring-boot-starter-json-2.7.9.jar;C:\Users\leanh\.m2\repository\com\fasterxml\jackson\datatype\jackson-datatype-jdk8\2.13.5\jackson-datatype-jdk8-2.13.5.jar;C:\Users\leanh\.m2\repository\com\fasterxml\jackson\datatype\jackson-datatype-jsr310\2.13.5\jackson-datatype-jsr310-2.13.5.jar;C:\Users\leanh\.m2\repository\com\fasterxml\jackson\module\jackson-module-parameter-names\2.13.5\jackson-module-parameter-names-2.13.5.jar;C:\Users\leanh\.m2\repository\org\springframework\boot\spring-boot-starter-tomcat\2.7.9\spring-boot-starter-tomcat-2.7.9.jar;C:\Users\leanh\.m2\reposit
Launcher Type: SUN_STANDARD

[Global flags]
     intx CICompilerCount                          = 3                                         {product} {ergonomic}
     uint ConcGCThreads                            = 1                                         {product} {ergonomic}
     uint G1ConcRefinementThreads                  = 4                                         {product} {ergonomic}
   size_t G1HeapRegionSize                         = 2097152                                   {product} {ergonomic}
    uintx GCDrainStackTargetSize                   = 64                                        {product} {ergonomic}
   size_t InitialHeapSize                          = 268435456                                 {product} {ergonomic}
     bool ManagementServer                         = true                                      {product} {command line}
   size_t MarkStackSize                            = 4194304                                   {product} {ergonomic}
   size_t MaxHeapSize                              = 4265607168                                {product} {ergonomic}
   size_t MinHeapDeltaBytes                        = 2097152                                   {product} {ergonomic}
   size_t MinHeapSize                              = 8388608                                   {product} {ergonomic}
    uintx NonProfiledCodeHeapSize                  = 0                                      {pd product} {ergonomic}
     bool ProfileInterpreter                       = false                                  {pd product} {command line}
    uintx ProfiledCodeHeapSize                     = 0                                      {pd product} {ergonomic}
     bool ShowCodeDetailsInExceptionMessages       = true                                   {manageable} {command line}
   size_t SoftMaxHeapSize                          = 4265607168                             {manageable} {ergonomic}
     intx TieredStopAtLevel                        = 1                                         {product} {command line}
     bool UseCompressedClassPointers               = true                           {product lp64_product} {ergonomic}
     bool UseCompressedOops                        = true                           {product lp64_product} {ergonomic}
     bool UseG1GC                                  = true                                      {product} {ergonomic}
     bool UseLargePagesIndividualAllocation        = false                                  {pd product} {ergonomic}

Logging:
Log output configuration:
 #0: stdout all=warning uptime,level,tags
 #1: stderr all=off uptime,level,tags

Environment Variables:
JAVA_HOME=C:\Program Files\Java\jdk-19
PATH=C:/Users/leanh/Downloads/spring-tool-suite-4-4.16.1.RELEASE-e4.25.0-win32.win32.x86_64.self-extracting/contents/sts-4.16.1.RELEASE//plugins/org.eclipse.justj.openjdk.hotspot.jre.full.win32.x86_64_17.0.4.v20221004-1257/jre/bin/server;C:/Users/leanh/Downloads/spring-tool-suite-4-4.16.1.RELEASE-e4.25.0-win32.win32.x86_64.self-extracting/contents/sts-4.16.1.RELEASE//plugins/org.eclipse.justj.openjdk.hotspot.jre.full.win32.x86_64_17.0.4.v20221004-1257/jre/bin;C:\Program Files\Common Files\Oracle\Java\javapath;C:\Windows\system32;C:\Windows;C:\Windows\System32\Wbem;C:\Windows\System32\WindowsPowerShell\v1.0\;C:\Windows\System32\OpenSSH\;C:\Program Files\Cloudflare\Cloudflare WARP;C:\Program Files\Microsoft SQL Server\120\Tools\Binn\;C:\Windows\system32\config\systemprofile\.dnx\bin;C:\Program Files\Microsoft DNX\Dnvm\;C:\Program Files\dotnet\;C:\Program Files (x86)\Intel\Intel(R) Management Engine Components\DAL;C:\Program Files\Intel\Intel(R) Management Engine Components\DAL;C:\MVN\apache-maven-3.9.0\bin;C:\Program Files\Java\jdk-19\bin;C:\Program Files\nodejs\;C:\Program Files\Cloudflare\Cloudflare WARP\;C:\Program Files (x86)\dotnet\;C:\Users\leanh\AppData\Local\Programs\Python\Python37\Scripts\;C:\Users\leanh\AppData\Local\Programs\Python\Python37\;C:\Program Files\MySQL\MySQL Shell 8.0\bin\;C:\Users\leanh\AppData\Local\Programs\Python\Python310\Scripts\;C:\Users\leanh\AppData\Local\Programs\Python\Python310\;C:\Users\leanh\AppData\Local\Microsoft\WindowsApps;C:\Users\leanh\AppData\Local\GitHubDesktop\bin;C:\Users\leanh\AppData\Local\Programs\Microsoft VS Code\bin;C:\Users\leanh\AppData\Roaming\npm;C:\Users\leanh\Downloads\spring-tool-suite-4-4.16.1.RELEASE-e4.25.0-win32.win32.x86_64.self-extracting\contents\sts-4.16.1.RELEASE;
USERNAME=leanh
OS=Windows_NT
PROCESSOR_IDENTIFIER=Intel64 Family 6 Model 78 Stepping 3, GenuineIntel
TMP=C:\Users\leanh\AppData\Local\Temp
TEMP=C:\Users\leanh\AppData\Local\Temp



---------------  S Y S T E M  ---------------

OS:
 Windows 10 , 64 bit Build 19041 (10.0.19041.3031)
OS uptime: 0 days 10:58 hours

CPU: total 4 (initial active 4) (2 cores per cpu, 2 threads per core) family 6 model 78 stepping 3 microcode 0xdc, cx8, cmov, fxsr, ht, mmx, 3dnowpref, sse, sse2, sse3, ssse3, sse4.1, sse4.2, popcnt, lzcnt, tsc, tscinvbit, avx, avx2, aes, erms, clmul, bmi1, bmi2, rtm, adx, fma, vzeroupper, clflush, clflushopt

Memory: 4k page, system-wide physical 16265M (1252M free)
TotalPageFile size 16265M (AvailPageFile size 226M)
current process WorkingSet (physical memory assigned to process): 10M, peak: 10M
current process commit charge ("private bytes"): 46M, peak: 302M

vm_info: OpenJDK 64-Bit Server VM (17.0.4.1+1) for windows-amd64 JRE (17.0.4.1+1), built on Aug 17 2022 07:42:43 by "temurin" with MS VC++ 16.7 (VS2019)

END.
